<?xml version="1.0" encoding="UTF-8"?>
<!-- Generated by org.testng.reporters.JUnitReportReporter -->
<testsuite hostname="PS-WIN-LP-156" name="tests.ThirdPartyPageTest" tests="4" failures="0" timestamp="3 Oct 2019 06:19:52 GMT" time="26.006" errors="0">
  <testcase name="T003_search" time="0.194" classname="tests.ThirdPartyPageTest"/>
  <testcase name="T001_addEmptyValues" time="2.310" classname="tests.ThirdPartyPageTest"/>
  <testcase name="T004_deleteThirdParty" time="9.254" classname="tests.ThirdPartyPageTest"/>
  <testcase name="T002_addThirdParty" time="14.248" classname="tests.ThirdPartyPageTest"/>
</testsuite> <!-- tests.ThirdPartyPageTest -->
