<?xml version="1.0" encoding="UTF-8"?>
<!-- Generated by org.testng.reporters.JUnitReportReporter -->
<testsuite skipped="0" hostname="PS-WIN-LP-276" name="tests.RedLineViewPageTest" tests="2" failures="0" timestamp="14 Nov 2019 12:01:35 GMT" time="14.001" errors="0">
  <testcase name="T001_VerifyDocumentNames" time="13.785" classname="tests.RedLineViewPageTest"/>
  <testcase name="T001_VerifyMenuItems" time="0.216" classname="tests.RedLineViewPageTest"/>
</testsuite> <!-- tests.RedLineViewPageTest -->
