<?xml version="1.0" encoding="UTF-8"?>
<!-- Generated by org.testng.reporters.JUnitReportReporter -->
<testsuite skipped="0" hostname="PS-WIN-LP-310" name="tests.InspectionForm_Test" tests="4" failures="0" timestamp="01 Oct 2019 09:35:28 GMT" time="23.891" errors="0">
  <testcase name="T003_save" time="0.906" classname="tests.InspectionForm_Test"/>
  <testcase name="T002_actionPopUp" time="4.885" classname="tests.InspectionForm_Test"/>
  <testcase name="T004_delete" time="1.643" classname="tests.InspectionForm_Test"/>
  <testcase name="T001_inspectionForm" time="16.457" classname="tests.InspectionForm_Test"/>
</testsuite> <!-- tests.InspectionForm_Test -->
