<?xml version="1.0" encoding="UTF-8"?>
<!-- Generated by org.testng.reporters.JUnitReportReporter -->
<testsuite skipped="0" hostname="PS-WIN-LP-276" name="tests.FilePickerPageTest" tests="4" failures="0" timestamp="14 Nov 2019 11:50:14 GMT" time="43.926" errors="0">
  <testcase name="TC001_VerifyViewChangesButton" time="8.575" classname="tests.FilePickerPageTest"/>
  <testcase name="T002_VerifyEncryptedDocUpload" time="13.488" classname="tests.FilePickerPageTest"/>
  <testcase name="T001_VerifyCorruptDocUpload" time="13.444" classname="tests.FilePickerPageTest"/>
  <testcase name="T001_VerifyInvalidExtensionsDocUpload" time="8.419" classname="tests.FilePickerPageTest"/>
</testsuite> <!-- tests.FilePickerPageTest -->
