<?xml version="1.0" encoding="UTF-8"?>
<!-- Generated by org.testng.reporters.JUnitReportReporter -->
<testsuite hostname="PS-WIN-LP-156" name="tests.InspectionFormTest" tests="4" failures="0" timestamp="3 Oct 2019 06:19:52 GMT" time="15.779" errors="0">
  <testcase name="T003_save" time="1.111" classname="tests.InspectionFormTest"/>
  <testcase name="T001_inspectionForm" time="8.275" classname="tests.InspectionFormTest"/>
  <testcase name="T002_actionPopUp" time="5.244" classname="tests.InspectionFormTest"/>
  <testcase name="T004_delete" time="1.149" classname="tests.InspectionFormTest"/>
</testsuite> <!-- tests.InspectionFormTest -->
